calling immutable. 6 = null
0barFooBar1barFooBar2barFooBar3barFooBar4barFooBar5barFooBar6barFooBar7barFooBar8barFooBar9barFooBar10barFooBar11barFooBar12barFooBar13barFooBar14barFooBar15barFooBar16barFooBar17barFooBar18barFooBar19barFooBartrue 20 "function:a.mutmut[0]
0 is even
1 is odd
2 is even
3 is odd
4 is even
5 is odd
6 is even
7 is odd
8 is even
9 is odd
10 is even
11 is odd
12 is even
13 is odd
14 is even
15 is odd
16 is even
17 is odd
18 is even
19 is odd
20 is even
21 is odd
22 is even
23 is odd
24 is even
25 is odd
26 is even
27 is odd
28 is even
29 is odd
[0,1,2,3,4,5,6,7,8,9,10,11,12,13,14,15,16,17,18,19,20,21,22,23,24,25,26,27,28,29]
6
